<?xml version="1.0" encoding="UTF-8"?>
<!--suppress ALL -->
<beans xmlns="http://www.springframework.org/schema/beans"
       xmlns:xsi="http://www.w3.org/2001/XMLSchema-instance" xmlns:aop="http://www.springframework.org/schema/aop"
       xmlns:context="http://www.springframework.org/schema/context"
       xmlns:tx="http://www.springframework.org/schema/tx"
       xsi:schemaLocation="http://www.springframework.org/schema/beans
         http://www.springframework.org/schema/beans/spring-beans-3.0.xsd
         http://www.springframework.org/schema/context
         http://www.springframework.org/schema/context/spring-context-3.0.xsd
         http://www.springframework.org/schema/aop
         http://www.springframework.org/schema/aop/spring-aop-3.0.xsd
         http://www.springframework.org/schema/tx 
         http://www.springframework.org/schema/tx/spring-tx-3.0.xsd">

    <!-- 打开Spring的Annotation支持 -->
    <context:annotation-config/>

    <bean id="studentDao" class="org.easymock.EasyMock" factory-method="createStrictMock">
        <constructor-arg value="zjut.sy.dao.IStudentDao"/>
    </bean>
    <bean id="teacherDao" class="org.easymock.EasyMock" factory-method="createStrictMock">
        <constructor-arg value="zjut.sy.dao.ITeacherDao"/>
    </bean>
    <bean id="exampaperDao" class="org.easymock.EasyMock" factory-method="createStrictMock">
        <constructor-arg value="zjut.sy.dao.IExampaperDao"/>
    </bean>
    <bean id="questionDao" class="org.easymock.EasyMock" factory-method="createStrictMock">
        <constructor-arg value="zjut.sy.dao.IQuestionDao"/>
    </bean>
    <bean id="studentService" class="zjut.sy.service.StudentService">
        <property name="studentDao" ref="studentDao"/>
        <property name="exampaperDao" ref="exampaperDao"/>
    </bean>
    <bean id="teacherService" class="zjut.sy.service.TeacherService">
        <property name="teacherDao" ref="teacherDao"/>
        <property name="studentDao" ref="studentDao"/>
        <property name="questionDao" ref="questionDao"/>
        <property name="exampaperDao" ref="exampaperDao"/>
    </bean>
    <bean id="paperService" class="zjut.sy.service.PaperService">
        <property name="paperDao" ref="paperDao"/>
        <property name="questionDao" ref="questionDao"/>
    </bean>
    <bean id="questionService" class="zjut.sy.service.QuestionService">
        <property name="questionDao" ref="questionDao"/>
    </bean>
</beans>